Arguments: 
  C:\Program Files\nodejs\node.exe C:\Program Files (x86)\Yarn\bin\yarn.js add @babel-core --save-dev

PATH: 
  C:\Program Files (x86)\Common Files\Oracle\Java\javapath;C:\Program Files\Docker\Docker\Resources\bin;C:\WINDOWS\system32;C:\WINDOWS;C:\WINDOWS\System32\Wbem;C:\WINDOWS\System32\WindowsPowerShell\v1.0\;C:\Program Files\ServiceNow;C:\Program Files (x86)\Enterprise Vault\EVClient\;C:\ProgramData\chocolatey\bin;C:\Program Files\Git\cmd;C:\Program Files\dotnet\;C:\Program Files\Microsoft SQL Server\130\Tools\Binn\;C:\Program Files (x86)\Microsoft SQL Server\Client SDK\ODBC\130\Tools\Binn\;C:\Program Files (x86)\Microsoft SQL Server\140\Tools\Binn\;C:\Program Files (x86)\Microsoft SQL Server\140\DTS\Binn\;C:\Program Files (x86)\Microsoft SQL Server\140\Tools\Binn\ManagementStudio\;C:\Program Files (x86)\Microsoft SQL Server\110\DTS\Binn\;C:\Program Files (x86)\Microsoft SQL Server\120\DTS\Binn\;C:\Program Files (x86)\Microsoft SQL Server\130\DTS\Binn\;C:\Program Files (x86)\dotnet\;C:\Program Files (x86)\Webex\Webex\Applications;C:\Program Files\Microsoft VS Code\bin;C:\Program Files\Intel\WiFi\bin\;C:\Program Files\Common Files\Intel\WirelessCommon\;C:\Program Files (x86)\Intel\Intel(R) Management Engine Components\DAL;C:\Program Files\Intel\Intel(R) Management Engine Components\DAL;C:\Program Files\Microsoft SQL Server\Client SDK\ODBC\130\Tools\Binn\;C:\Program Files\Microsoft SQL Server\140\Tools\Binn\;C:\Program Files\Microsoft SQL Server\140\DTS\Binn\;C:\Program Files\Microsoft SQL Server\Client SDK\ODBC\170\Tools\Binn\;C:\Program Files\nodejs\;C:\Program Files (x86)\Yarn\bin\;C:\Users\snaru02\AppData\Local\Microsoft\WindowsApps;C:\Users\snaru02\AppData\Local\Programs\Fiddler;C:\Users\snaru02\.dotnet\tools;C:\Program Files\Intel\WiFi\bin\;C:\Program Files\Common Files\Intel\WirelessCommon\;C:\Users\snaru02\AppData\Roaming\npm;C:\Users\snaru02\AppData\Local\Yarn\bin

Yarn version: 
  1.15.2

Node version: 
  11.13.0

Platform: 
  win32 x64

Trace: 
  Error: self signed certificate in certificate chain
      at TLSSocket.onConnectSecure (_tls_wrap.js:1177:34)
      at TLSSocket.emit (events.js:193:13)
      at TLSSocket._finishInit (_tls_wrap.js:668:8)

npm manifest: 
  {
    "name": "trywebpack",
    "version": "1.0.0",
    "description": "",
    "main": "app.js",
    "scripts": {
      "build": "webpack --mode production",
      "dev": "webpack --mode development"
    },
    "repository": {
      "type": "git",
      "url": "https://github.com/shivanaru/webpack"
    },
    "author": "",
    "license": "MIT",
    "devDependencies": {
      "babel-core": "^6.26.3",
      "babel-loader": "^8.0.5",
      "babel-preset-env": "^1.7.0",
      "webpack": "^4.29.6",
      "webpack-cli": "^3.3.0",
      "webpack-node-externals": "^1.7.2"
    }
  }

yarn manifest: 
  No manifest

Lockfile: 
  No lockfile
